<?xml version="1.0" encoding="UTF-8"?>
<testng-results skipped="0" failed="0" ignored="0" total="1" passed="1">
  <reporter-output>
  </reporter-output>
  <suite name="Default suite" duration-ms="9449" started-at="2021-06-12T14:04:54Z" finished-at="2021-06-12T14:05:04Z">
    <groups>
    </groups>
    <test name="Default test" duration-ms="9449" started-at="2021-06-12T14:04:54Z" finished-at="2021-06-12T14:05:04Z">
      <class name="testCases.LoginPageTest">
        <test-method status="PASS" signature="setup()[pri:0, instance:testCases.LoginPageTest@12b0404f]" name="setup" is-config="true" duration-ms="2728" started-at="2021-06-12T14:04:54Z" finished-at="2021-06-12T14:04:57Z">
          <reporter-output>
          </reporter-output>
        </test-method> <!-- setup -->
        <test-method status="PASS" signature="loginTest()[pri:1, instance:testCases.LoginPageTest@12b0404f]" name="loginTest" duration-ms="6023" started-at="2021-06-12T14:04:57Z" finished-at="2021-06-12T14:05:03Z">
          <reporter-output>
          </reporter-output>
        </test-method> <!-- loginTest -->
        <test-method status="PASS" signature="tearDown()[pri:0, instance:testCases.LoginPageTest@12b0404f]" name="tearDown" is-config="true" duration-ms="678" started-at="2021-06-12T14:05:03Z" finished-at="2021-06-12T14:05:04Z">
          <reporter-output>
          </reporter-output>
        </test-method> <!-- tearDown -->
      </class> <!-- testCases.LoginPageTest -->
    </test> <!-- Default test -->
  </suite> <!-- Default suite -->
</testng-results>
